<?xml version="1.0" encoding="UTF-8"?>
<!-- Generated by org.testng.reporters.JUnitXMLReporter -->
<testsuite hostname="DESKTOP-S41506V" ignored="0" name="Command line test" tests="8" failures="2" timestamp="21 Jul 2021 09:35:45 GMT" time="233.152" errors="0">
  <testcase name="testConfigurationAPI" time="2.045" classname="june2021.qaautomation.APITest">
    <failure type="java.lang.AssertionError" message="expected [USD] but found [INR]">
      <![CDATA[java.lang.AssertionError: expected [USD] but found [INR]
at june2021.qaautomation.APITest.testConfigurationAPI(APITest.java:25)
... Removed 40 stack frames]]>
    </failure>
  </testcase> <!-- testConfigurationAPI -->
  <testcase name="testDashboardAPI" time="3.225" classname="june2021.qaautomation.APITest"/>
  <testcase name="testInvalidCredentials" time="1.619" classname="june2021.qaautomation.APITest"/>
  <testcase name="test1" time="15.232" classname="june2021.qaautomation.AppTest"/>
  <testcase name="test2" time="75.179" classname="june2021.qaautomation.AppTest">
    <failure type="org.openqa.selenium.TimeoutException" message="Expected condition failed: waiting for visibility of element located by By.xpath: //div[normalize-space()=&amp;apos;fullstackdemo&amp;apos;] (tried for 60 second(s) with 500 milliseconds interval)
Build info: version: &amp;apos;4.0.0-beta-3&amp;apos;, revision: &amp;apos;5d108f9a67&amp;apos;
System info: host: &amp;apos;DESKTOP-S41506V&amp;apos;, ip: &amp;apos;192.168.100.13&amp;apos;, os.name: &amp;apos;Windows 10&amp;apos;, os.arch: &amp;apos;amd64&amp;apos;, os.version: &amp;apos;10.0&amp;apos;, java.version: &amp;apos;1.8.0_251&amp;apos;
Driver info: org.openqa.selenium.chrome.ChromeDriver
Capabilities {acceptInsecureCerts: false, browserName: chrome, browserVersion: 91.0.4472.124, chrome: {chromedriverVersion: 91.0.4472.101 (af52a90bf870..., userDataDir: C:\Users\dian1\AppData\Loca...}, goog:chromeOptions: {debuggerAddress: localhost:61995}, javascriptEnabled: true, networkConnectionEnabled: false, pageLoadStrategy: normal, platform: WINDOWS, platformName: WINDOWS, proxy: Proxy(), se:cdp: ws://localhost:61995/devtoo..., se:cdpVersion: 91.0.4472.124, setWindowRect: true, strictFileInteractability: false, timeouts: {implicit: 0, pageLoad: 300000, script: 30000}, unhandledPromptBehavior: dismiss and notify, webauthn:extension:largeBlob: true, webauthn:virtualAuthenticators: true}
Session ID: 891a7e3fffee55b9589a7a3be52a17a3">
      <![CDATA[org.openqa.selenium.TimeoutException: Expected condition failed: waiting for visibility of element located by By.xpath: //div[normalize-space()='fullstackdemo'] (tried for 60 second(s) with 500 milliseconds interval)
Build info: version: '4.0.0-beta-3', revision: '5d108f9a67'
System info: host: 'DESKTOP-S41506V', ip: '192.168.100.13', os.name: 'Windows 10', os.arch: 'amd64', os.version: '10.0', java.version: '1.8.0_251'
Driver info: org.openqa.selenium.chrome.ChromeDriver
Capabilities {acceptInsecureCerts: false, browserName: chrome, browserVersion: 91.0.4472.124, chrome: {chromedriverVersion: 91.0.4472.101 (af52a90bf870..., userDataDir: C:\Users\dian1\AppData\Loca...}, goog:chromeOptions: {debuggerAddress: localhost:61995}, javascriptEnabled: true, networkConnectionEnabled: false, pageLoadStrategy: normal, platform: WINDOWS, platformName: WINDOWS, proxy: Proxy(), se:cdp: ws://localhost:61995/devtoo..., se:cdpVersion: 91.0.4472.124, setWindowRect: true, strictFileInteractability: false, timeouts: {implicit: 0, pageLoad: 300000, script: 30000}, unhandledPromptBehavior: dismiss and notify, webauthn:extension:largeBlob: true, webauthn:virtualAuthenticators: true}
Session ID: 891a7e3fffee55b9589a7a3be52a17a3
at org.openqa.selenium.support.ui.WebDriverWait.timeoutException(WebDriverWait.java:138)
at org.openqa.selenium.support.ui.FluentWait.until(FluentWait.java:231)
at june2021.qaautomation.pages.BasePage.getText(BasePage.java:28)
at june2021.qaautomation.pages.ProfilePage.getProfileText(ProfilePage.java:22)
at june2021.qaautomation.AppTest.test2(AppTest.java:40)
... Removed 35 stack frames]]>
    </failure>
  </testcase> <!-- test2 -->
  <testcase name="testAlert" time="20.715" classname="june2021.qaautomation.AppTest"/>
  <testcase name="testBrowserNavigation" time="8.067" classname="june2021.qaautomation.AppTest"/>
  <testcase name="testSwitching" time="6.521" classname="june2021.qaautomation.AppTest"/>
</testsuite> <!-- Command line test -->
