<!DOCTYPE html PUBLIC "-//W3C//DTD XHTML 1.1//EN" "http://www.w3.org/TR/xhtml11/DTD/xhtml11.dtd">
<html xmlns="http://www.w3.org/1999/xhtml">
<head>
<meta http-equiv="content-type" content="text/html; charset=UTF-8"/>
<title>TestNG Report</title>
<style type="text/css">table {margin-bottom:10px;border-collapse:collapse;empty-cells:show}th,td {border:1px solid #009;padding:.25em .5em}th {vertical-align:bottom}td {vertical-align:top}table a {font-weight:bold}.stripe td {background-color: #E6EBF9}.num {text-align:right}.passedodd td {background-color: #3F3}.passedeven td {background-color: #0A0}.skippedodd td {background-color: #DDD}.skippedeven td {background-color: #CCC}.failedodd td,.attn {background-color: #F33}.failedeven td,.stripe .attn {background-color: #D00}.stacktrace {white-space:pre;font-family:monospace}.totop {font-size:85%;text-align:center;border-bottom:2px solid #000}.invisible {display:none}</style>
</head>
<body>
<table>
<tr><th>Test</th><th># Passed</th><th># Skipped</th><th># Failed</th><th>Time (ms)</th><th>Included Groups</th><th>Excluded Groups</th></tr>
<tr><th colspan="7">Command line suite</th></tr>
<tr><td><a href="#t0">Command line test</a></td><td class="num">6</td><td class="num">0</td><td class="num attn">2</td><td class="num">233,152</td><td></td><td></td></tr>
</table>
<table id='summary'><thead><tr><th>Class</th><th>Method</th><th>Start</th><th>Time (ms)</th></tr></thead><tbody><tr><th colspan="4">Command line suite</th></tr></tbody><tbody id="t0"><tr><th colspan="4">Command line test &#8212; failed</th></tr><tr class="failedeven"><td rowspan="1">june2021.qaautomation.APITest</td><td><a href="#m0">testConfigurationAPI</a></td><td rowspan="1">1626859912598</td><td rowspan="1">2045</td></tr><tr class="failedodd"><td rowspan="1">june2021.qaautomation.AppTest</td><td><a href="#m1">test2</a></td><td rowspan="1">1626859968274</td><td rowspan="1">75179</td></tr><tr><th colspan="4">Command line test &#8212; passed</th></tr><tr class="passedeven"><td rowspan="2">june2021.qaautomation.APITest</td><td><a href="#m2">testDashboardAPI</a></td><td rowspan="1">1626859914648</td><td rowspan="1">3225</td></tr><tr class="passedeven"><td><a href="#m3">testInvalidCredentials</a></td><td rowspan="1">1626859917875</td><td rowspan="1">1619</td></tr><tr class="passedodd"><td rowspan="4">june2021.qaautomation.AppTest</td><td><a href="#m4">test1</a></td><td rowspan="1">1626859940062</td><td rowspan="1">15232</td></tr><tr class="passedodd"><td><a href="#m5">testAlert</a></td><td rowspan="1">1626860058412</td><td rowspan="1">20715</td></tr><tr class="passedodd"><td><a href="#m6">testBrowserNavigation</a></td><td rowspan="1">1626860093663</td><td rowspan="1">8067</td></tr><tr class="passedodd"><td><a href="#m7">testSwitching</a></td><td rowspan="1">1626860138026</td><td rowspan="1">6521</td></tr></tbody>
</table>
<h2>Command line test</h2><h3 id="m0">june2021.qaautomation.APITest#testConfigurationAPI</h3><table class="result"><tr><th>Exception</th></tr><tr><td><div class="stacktrace">java.lang.AssertionError: expected [USD] but found [INR]
	at june2021.qaautomation.APITest.testConfigurationAPI(APITest.java:25)
... Removed 40 stack frames</div></td></tr></table><p class="totop"><a href="#summary">back to summary</a></p>
<h3 id="m1">june2021.qaautomation.AppTest#test2</h3><table class="result"><tr><th>Exception</th></tr><tr><td><div class="stacktrace">org.openqa.selenium.TimeoutException: Expected condition failed: waiting for visibility of element located by By.xpath: //div[normalize-space()=&apos;fullstackdemo&apos;] (tried for 60 second(s) with 500 milliseconds interval)
Build info: version: &apos;4.0.0-beta-3&apos;, revision: &apos;5d108f9a67&apos;
System info: host: &apos;DESKTOP-S41506V&apos;, ip: &apos;192.168.100.13&apos;, os.name: &apos;Windows 10&apos;, os.arch: &apos;amd64&apos;, os.version: &apos;10.0&apos;, java.version: &apos;1.8.0_251&apos;
Driver info: org.openqa.selenium.chrome.ChromeDriver
Capabilities {acceptInsecureCerts: false, browserName: chrome, browserVersion: 91.0.4472.124, chrome: {chromedriverVersion: 91.0.4472.101 (af52a90bf870..., userDataDir: C:\Users\dian1\AppData\Loca...}, goog:chromeOptions: {debuggerAddress: localhost:61995}, javascriptEnabled: true, networkConnectionEnabled: false, pageLoadStrategy: normal, platform: WINDOWS, platformName: WINDOWS, proxy: Proxy(), se:cdp: ws://localhost:61995/devtoo..., se:cdpVersion: 91.0.4472.124, setWindowRect: true, strictFileInteractability: false, timeouts: {implicit: 0, pageLoad: 300000, script: 30000}, unhandledPromptBehavior: dismiss and notify, webauthn:extension:largeBlob: true, webauthn:virtualAuthenticators: true}
Session ID: 891a7e3fffee55b9589a7a3be52a17a3
	at org.openqa.selenium.support.ui.WebDriverWait.timeoutException(WebDriverWait.java:138)
	at org.openqa.selenium.support.ui.FluentWait.until(FluentWait.java:231)
	at june2021.qaautomation.pages.BasePage.getText(BasePage.java:28)
	at june2021.qaautomation.pages.ProfilePage.getProfileText(ProfilePage.java:22)
	at june2021.qaautomation.AppTest.test2(AppTest.java:40)
... Removed 35 stack frames</div></td></tr></table><p class="totop"><a href="#summary">back to summary</a></p>
<h3 id="m2">june2021.qaautomation.APITest#testDashboardAPI</h3><table class="result"><tr><th class="invisible"/></tr></table><p class="totop"><a href="#summary">back to summary</a></p>
<h3 id="m3">june2021.qaautomation.APITest#testInvalidCredentials</h3><table class="result"><tr><th class="invisible"/></tr></table><p class="totop"><a href="#summary">back to summary</a></p>
<h3 id="m4">june2021.qaautomation.AppTest#test1</h3><table class="result"><tr><th class="invisible"/></tr></table><p class="totop"><a href="#summary">back to summary</a></p>
<h3 id="m5">june2021.qaautomation.AppTest#testAlert</h3><table class="result"><tr><th class="invisible"/></tr></table><p class="totop"><a href="#summary">back to summary</a></p>
<h3 id="m6">june2021.qaautomation.AppTest#testBrowserNavigation</h3><table class="result"><tr><th class="invisible"/></tr></table><p class="totop"><a href="#summary">back to summary</a></p>
<h3 id="m7">june2021.qaautomation.AppTest#testSwitching</h3><table class="result"><tr><th class="invisible"/></tr></table><p class="totop"><a href="#summary">back to summary</a></p>
</body>
</html>
