<?xml version="1.0" encoding="UTF-8"?>
<testng-results skipped="0" failed="2" ignored="0" total="8" passed="6">
  <reporter-output>
  </reporter-output>
  <suite name="Command line suite" duration-ms="233152" started-at="2021-07-21T09:31:52Z" finished-at="2021-07-21T09:35:45Z">
    <groups>
    </groups>
    <test name="Command line test" duration-ms="233152" started-at="2021-07-21T09:31:52Z" finished-at="2021-07-21T09:35:45Z">
      <class name="june2021.qaautomation.AppTest">
        <test-method status="PASS" signature="createChromeDriver()[pri:0, instance:june2021.qaautomation.AppTest@11981797]" name="createChromeDriver" is-config="true" duration-ms="20563" started-at="2021-07-21T09:31:59Z" finished-at="2021-07-21T09:32:20Z">
          <reporter-output>
          </reporter-output>
        </test-method> <!-- createChromeDriver -->
        <test-method status="PASS" signature="test1()[pri:0, instance:june2021.qaautomation.AppTest@11981797]" name="test1" duration-ms="15232" started-at="2021-07-21T09:32:20Z" description="Verify that for correct credentials, login is working fine" finished-at="2021-07-21T09:32:35Z">
          <reporter-output>
          </reporter-output>
        </test-method> <!-- test1 -->
        <test-method status="PASS" signature="quitChromeDriver()[pri:0, instance:june2021.qaautomation.AppTest@11981797]" name="quitChromeDriver" is-config="true" duration-ms="1056" started-at="2021-07-21T09:32:35Z" finished-at="2021-07-21T09:32:36Z">
          <reporter-output>
          </reporter-output>
        </test-method> <!-- quitChromeDriver -->
        <test-method status="PASS" signature="createChromeDriver()[pri:0, instance:june2021.qaautomation.AppTest@11981797]" name="createChromeDriver" is-config="true" duration-ms="11922" started-at="2021-07-21T09:32:36Z" finished-at="2021-07-21T09:32:48Z">
          <reporter-output>
          </reporter-output>
        </test-method> <!-- createChromeDriver -->
        <test-method status="FAIL" signature="test2()[pri:0, instance:june2021.qaautomation.AppTest@11981797]" name="test2" duration-ms="75179" started-at="2021-07-21T09:32:48Z" description="Verify that for correct credentials, login is working fine" finished-at="2021-07-21T09:34:03Z">
          <exception class="org.openqa.selenium.TimeoutException">
            <message>
              <![CDATA[Expected condition failed: waiting for visibility of element located by By.xpath: //div[normalize-space()='fullstackdemo'] (tried for 60 second(s) with 500 milliseconds interval)
Build info: version: '4.0.0-beta-3', revision: '5d108f9a67'
System info: host: 'DESKTOP-S41506V', ip: '192.168.100.13', os.name: 'Windows 10', os.arch: 'amd64', os.version: '10.0', java.version: '1.8.0_251'
Driver info: org.openqa.selenium.chrome.ChromeDriver
Capabilities {acceptInsecureCerts: false, browserName: chrome, browserVersion: 91.0.4472.124, chrome: {chromedriverVersion: 91.0.4472.101 (af52a90bf870..., userDataDir: C:\Users\dian1\AppData\Loca...}, goog:chromeOptions: {debuggerAddress: localhost:61995}, javascriptEnabled: true, networkConnectionEnabled: false, pageLoadStrategy: normal, platform: WINDOWS, platformName: WINDOWS, proxy: Proxy(), se:cdp: ws://localhost:61995/devtoo..., se:cdpVersion: 91.0.4472.124, setWindowRect: true, strictFileInteractability: false, timeouts: {implicit: 0, pageLoad: 300000, script: 30000}, unhandledPromptBehavior: dismiss and notify, webauthn:extension:largeBlob: true, webauthn:virtualAuthenticators: true}
Session ID: 891a7e3fffee55b9589a7a3be52a17a3]]>
            </message>
            <full-stacktrace>
              <![CDATA[org.openqa.selenium.TimeoutException: Expected condition failed: waiting for visibility of element located by By.xpath: //div[normalize-space()='fullstackdemo'] (tried for 60 second(s) with 500 milliseconds interval)
Build info: version: '4.0.0-beta-3', revision: '5d108f9a67'
System info: host: 'DESKTOP-S41506V', ip: '192.168.100.13', os.name: 'Windows 10', os.arch: 'amd64', os.version: '10.0', java.version: '1.8.0_251'
Driver info: org.openqa.selenium.chrome.ChromeDriver
Capabilities {acceptInsecureCerts: false, browserName: chrome, browserVersion: 91.0.4472.124, chrome: {chromedriverVersion: 91.0.4472.101 (af52a90bf870..., userDataDir: C:\Users\dian1\AppData\Loca...}, goog:chromeOptions: {debuggerAddress: localhost:61995}, javascriptEnabled: true, networkConnectionEnabled: false, pageLoadStrategy: normal, platform: WINDOWS, platformName: WINDOWS, proxy: Proxy(), se:cdp: ws://localhost:61995/devtoo..., se:cdpVersion: 91.0.4472.124, setWindowRect: true, strictFileInteractability: false, timeouts: {implicit: 0, pageLoad: 300000, script: 30000}, unhandledPromptBehavior: dismiss and notify, webauthn:extension:largeBlob: true, webauthn:virtualAuthenticators: true}
Session ID: 891a7e3fffee55b9589a7a3be52a17a3
at org.openqa.selenium.support.ui.WebDriverWait.timeoutException(WebDriverWait.java:138)
at org.openqa.selenium.support.ui.FluentWait.until(FluentWait.java:231)
at june2021.qaautomation.pages.BasePage.getText(BasePage.java:28)
at june2021.qaautomation.pages.ProfilePage.getProfileText(ProfilePage.java:22)
at june2021.qaautomation.AppTest.test2(AppTest.java:40)
at sun.reflect.NativeMethodAccessorImpl.invoke0(Native Method)
at sun.reflect.NativeMethodAccessorImpl.invoke(NativeMethodAccessorImpl.java:62)
at sun.reflect.DelegatingMethodAccessorImpl.invoke(DelegatingMethodAccessorImpl.java:43)
at java.lang.reflect.Method.invoke(Method.java:498)
at org.testng.internal.MethodInvocationHelper.invokeMethod(MethodInvocationHelper.java:124)
at org.testng.internal.Invoker.invokeMethod(Invoker.java:583)
at org.testng.internal.Invoker.invokeTestMethod(Invoker.java:719)
at org.testng.internal.Invoker.invokeTestMethods(Invoker.java:989)
at org.testng.internal.TestMethodWorker.invokeTestMethods(TestMethodWorker.java:125)
at org.testng.internal.TestMethodWorker.run(TestMethodWorker.java:109)
at org.testng.TestRunner.privateRun(TestRunner.java:648)
at org.testng.TestRunner.run(TestRunner.java:505)
at org.testng.SuiteRunner.runTest(SuiteRunner.java:455)
at org.testng.SuiteRunner.runSequentially(SuiteRunner.java:450)
at org.testng.SuiteRunner.privateRun(SuiteRunner.java:415)
at org.testng.SuiteRunner.run(SuiteRunner.java:364)
at org.testng.SuiteRunnerWorker.runSuite(SuiteRunnerWorker.java:52)
at org.testng.SuiteRunnerWorker.run(SuiteRunnerWorker.java:84)
at org.testng.TestNG.runSuitesSequentially(TestNG.java:1208)
at org.testng.TestNG.runSuitesLocally(TestNG.java:1137)
at org.testng.TestNG.runSuites(TestNG.java:1049)
at org.testng.TestNG.run(TestNG.java:1017)
at org.apache.maven.surefire.testng.TestNGExecutor.run(TestNGExecutor.java:77)
at org.apache.maven.surefire.testng.TestNGDirectoryTestSuite.executeMulti(TestNGDirectoryTestSuite.java:159)
at org.apache.maven.surefire.testng.TestNGDirectoryTestSuite.execute(TestNGDirectoryTestSuite.java:99)
at org.apache.maven.surefire.testng.TestNGProvider.invoke(TestNGProvider.java:106)
at sun.reflect.NativeMethodAccessorImpl.invoke0(Native Method)
at sun.reflect.NativeMethodAccessorImpl.invoke(NativeMethodAccessorImpl.java:62)
at sun.reflect.DelegatingMethodAccessorImpl.invoke(DelegatingMethodAccessorImpl.java:43)
at java.lang.reflect.Method.invoke(Method.java:498)
at org.apache.maven.surefire.util.ReflectionUtils.invokeMethodWithArray(ReflectionUtils.java:189)
at org.apache.maven.surefire.booter.ProviderFactory$ProviderProxy.invoke(ProviderFactory.java:165)
at org.apache.maven.surefire.booter.ProviderFactory.invokeProvider(ProviderFactory.java:85)
at org.apache.maven.surefire.booter.ForkedBooter.runSuitesInProcess(ForkedBooter.java:115)
at org.apache.maven.surefire.booter.ForkedBooter.main(ForkedBooter.java:75)
]]>
            </full-stacktrace>
          </exception> <!-- org.openqa.selenium.TimeoutException -->
          <reporter-output>
          </reporter-output>
        </test-method> <!-- test2 -->
        <test-method status="PASS" signature="quitChromeDriver()[pri:0, instance:june2021.qaautomation.AppTest@11981797]" name="quitChromeDriver" is-config="true" duration-ms="983" started-at="2021-07-21T09:34:03Z" finished-at="2021-07-21T09:34:04Z">
          <reporter-output>
          </reporter-output>
        </test-method> <!-- quitChromeDriver -->
        <test-method status="PASS" signature="createChromeDriver()[pri:0, instance:june2021.qaautomation.AppTest@11981797]" name="createChromeDriver" is-config="true" duration-ms="13952" started-at="2021-07-21T09:34:04Z" finished-at="2021-07-21T09:34:18Z">
          <reporter-output>
          </reporter-output>
        </test-method> <!-- createChromeDriver -->
        <test-method status="PASS" signature="testAlert()[pri:0, instance:june2021.qaautomation.AppTest@11981797]" name="testAlert" duration-ms="20715" started-at="2021-07-21T09:34:18Z" finished-at="2021-07-21T09:34:39Z">
          <reporter-output>
          </reporter-output>
        </test-method> <!-- testAlert -->
        <test-method status="PASS" signature="quitChromeDriver()[pri:0, instance:june2021.qaautomation.AppTest@11981797]" name="quitChromeDriver" is-config="true" duration-ms="869" started-at="2021-07-21T09:34:39Z" finished-at="2021-07-21T09:34:39Z">
          <reporter-output>
          </reporter-output>
        </test-method> <!-- quitChromeDriver -->
        <test-method status="PASS" signature="createChromeDriver()[pri:0, instance:june2021.qaautomation.AppTest@11981797]" name="createChromeDriver" is-config="true" duration-ms="13665" started-at="2021-07-21T09:34:39Z" finished-at="2021-07-21T09:34:53Z">
          <reporter-output>
          </reporter-output>
        </test-method> <!-- createChromeDriver -->
        <test-method status="PASS" signature="testBrowserNavigation()[pri:0, instance:june2021.qaautomation.AppTest@11981797]" name="testBrowserNavigation" duration-ms="8067" started-at="2021-07-21T09:34:53Z" finished-at="2021-07-21T09:35:01Z">
          <reporter-output>
          </reporter-output>
        </test-method> <!-- testBrowserNavigation -->
        <test-method status="PASS" signature="quitChromeDriver()[pri:0, instance:june2021.qaautomation.AppTest@11981797]" name="quitChromeDriver" is-config="true" duration-ms="912" started-at="2021-07-21T09:35:01Z" finished-at="2021-07-21T09:35:02Z">
          <reporter-output>
          </reporter-output>
        </test-method> <!-- quitChromeDriver -->
        <test-method status="PASS" signature="createChromeDriver()[pri:0, instance:june2021.qaautomation.AppTest@11981797]" name="createChromeDriver" is-config="true" duration-ms="35382" started-at="2021-07-21T09:35:02Z" finished-at="2021-07-21T09:35:38Z">
          <reporter-output>
          </reporter-output>
        </test-method> <!-- createChromeDriver -->
        <test-method status="PASS" signature="testSwitching()[pri:0, instance:june2021.qaautomation.AppTest@11981797]" name="testSwitching" duration-ms="6521" started-at="2021-07-21T09:35:38Z" finished-at="2021-07-21T09:35:44Z">
          <reporter-output>
          </reporter-output>
        </test-method> <!-- testSwitching -->
        <test-method status="PASS" signature="quitChromeDriver()[pri:0, instance:june2021.qaautomation.AppTest@11981797]" name="quitChromeDriver" is-config="true" duration-ms="1148" started-at="2021-07-21T09:35:44Z" finished-at="2021-07-21T09:35:45Z">
          <reporter-output>
          </reporter-output>
        </test-method> <!-- quitChromeDriver -->
      </class> <!-- june2021.qaautomation.AppTest -->
      <class name="june2021.qaautomation.APITest">
        <test-method status="PASS" signature="login()[pri:0, instance:june2021.qaautomation.APITest@6bea52d4]" name="login" is-config="true" duration-ms="9107" started-at="2021-07-21T09:31:43Z" finished-at="2021-07-21T09:31:52Z">
          <reporter-output>
          </reporter-output>
        </test-method> <!-- login -->
        <test-method status="FAIL" signature="testConfigurationAPI()[pri:0, instance:june2021.qaautomation.APITest@6bea52d4]" name="testConfigurationAPI" duration-ms="2045" started-at="2021-07-21T09:31:52Z" finished-at="2021-07-21T09:31:54Z">
          <exception class="java.lang.AssertionError">
            <message>
              <![CDATA[expected [USD] but found [INR]]]>
            </message>
            <full-stacktrace>
              <![CDATA[java.lang.AssertionError: expected [USD] but found [INR]
at org.testng.Assert.fail(Assert.java:96)
at org.testng.Assert.failNotEquals(Assert.java:776)
at org.testng.Assert.assertEqualsImpl(Assert.java:137)
at org.testng.Assert.assertEquals(Assert.java:118)
at org.testng.Assert.assertEquals(Assert.java:442)
at june2021.qaautomation.APITest.testConfigurationAPI(APITest.java:25)
at sun.reflect.NativeMethodAccessorImpl.invoke0(Native Method)
at sun.reflect.NativeMethodAccessorImpl.invoke(NativeMethodAccessorImpl.java:62)
at sun.reflect.DelegatingMethodAccessorImpl.invoke(DelegatingMethodAccessorImpl.java:43)
at java.lang.reflect.Method.invoke(Method.java:498)
at org.testng.internal.MethodInvocationHelper.invokeMethod(MethodInvocationHelper.java:124)
at org.testng.internal.Invoker.invokeMethod(Invoker.java:583)
at org.testng.internal.Invoker.invokeTestMethod(Invoker.java:719)
at org.testng.internal.Invoker.invokeTestMethods(Invoker.java:989)
at org.testng.internal.TestMethodWorker.invokeTestMethods(TestMethodWorker.java:125)
at org.testng.internal.TestMethodWorker.run(TestMethodWorker.java:109)
at org.testng.TestRunner.privateRun(TestRunner.java:648)
at org.testng.TestRunner.run(TestRunner.java:505)
at org.testng.SuiteRunner.runTest(SuiteRunner.java:455)
at org.testng.SuiteRunner.runSequentially(SuiteRunner.java:450)
at org.testng.SuiteRunner.privateRun(SuiteRunner.java:415)
at org.testng.SuiteRunner.run(SuiteRunner.java:364)
at org.testng.SuiteRunnerWorker.runSuite(SuiteRunnerWorker.java:52)
at org.testng.SuiteRunnerWorker.run(SuiteRunnerWorker.java:84)
at org.testng.TestNG.runSuitesSequentially(TestNG.java:1208)
at org.testng.TestNG.runSuitesLocally(TestNG.java:1137)
at org.testng.TestNG.runSuites(TestNG.java:1049)
at org.testng.TestNG.run(TestNG.java:1017)
at org.apache.maven.surefire.testng.TestNGExecutor.run(TestNGExecutor.java:77)
at org.apache.maven.surefire.testng.TestNGDirectoryTestSuite.executeMulti(TestNGDirectoryTestSuite.java:159)
at org.apache.maven.surefire.testng.TestNGDirectoryTestSuite.execute(TestNGDirectoryTestSuite.java:99)
at org.apache.maven.surefire.testng.TestNGProvider.invoke(TestNGProvider.java:106)
at sun.reflect.NativeMethodAccessorImpl.invoke0(Native Method)
at sun.reflect.NativeMethodAccessorImpl.invoke(NativeMethodAccessorImpl.java:62)
at sun.reflect.DelegatingMethodAccessorImpl.invoke(DelegatingMethodAccessorImpl.java:43)
at java.lang.reflect.Method.invoke(Method.java:498)
at org.apache.maven.surefire.util.ReflectionUtils.invokeMethodWithArray(ReflectionUtils.java:189)
at org.apache.maven.surefire.booter.ProviderFactory$ProviderProxy.invoke(ProviderFactory.java:165)
at org.apache.maven.surefire.booter.ProviderFactory.invokeProvider(ProviderFactory.java:85)
at org.apache.maven.surefire.booter.ForkedBooter.runSuitesInProcess(ForkedBooter.java:115)
at org.apache.maven.surefire.booter.ForkedBooter.main(ForkedBooter.java:75)
]]>
            </full-stacktrace>
          </exception> <!-- java.lang.AssertionError -->
          <reporter-output>
          </reporter-output>
        </test-method> <!-- testConfigurationAPI -->
        <test-method status="PASS" signature="testDashboardAPI()[pri:0, instance:june2021.qaautomation.APITest@6bea52d4]" name="testDashboardAPI" duration-ms="3225" started-at="2021-07-21T09:31:54Z" finished-at="2021-07-21T09:31:57Z">
          <reporter-output>
          </reporter-output>
        </test-method> <!-- testDashboardAPI -->
        <test-method status="PASS" signature="testInvalidCredentials()[pri:0, instance:june2021.qaautomation.APITest@6bea52d4]" name="testInvalidCredentials" duration-ms="1619" started-at="2021-07-21T09:31:57Z" finished-at="2021-07-21T09:31:59Z">
          <reporter-output>
          </reporter-output>
        </test-method> <!-- testInvalidCredentials -->
      </class> <!-- june2021.qaautomation.APITest -->
    </test> <!-- Command line test -->
  </suite> <!-- Command line suite -->
</testng-results>
